<?xml version="1.0" encoding="UTF-8" ?>
<testsuite errors="1" failures="0" hostname="WWW-ACA54C7DCC2" name="com.modbus.util.modbusToolTest" tests="1" time="0.218" timestamp="2008-12-28T05:53:57">
  <properties>
    <property name="java.runtime.name" value="Java(TM) SE Runtime Environment" />
    <property name="sun.boot.library.path" value="C:\Program Files\Java\jdk1.6.0_02\jre\bin" />
    <property name="java.vm.version" value="1.6.0_02-b06" />
    <property name="java.vm.vendor" value="Sun Microsystems Inc." />
    <property name="java.vendor.url" value="http://java.sun.com/" />
    <property name="path.separator" value=";" />
    <property name="java.vm.name" value="Java HotSpot(TM) Client VM" />
    <property name="file.encoding.pkg" value="sun.io" />
    <property name="user.country" value="CN" />
    <property name="sun.java.launcher" value="SUN_STANDARD" />
    <property name="sun.os.patch.level" value="Service Pack 2" />
    <property name="java.vm.specification.name" value="Java Virtual Machine Specification" />
    <property name="user.dir" value="E:\NetBeansProjects\JavaLibrary1" />
    <property name="java.runtime.version" value="1.6.0_02-b06" />
    <property name="java.awt.graphicsenv" value="sun.awt.Win32GraphicsEnvironment" />
    <property name="java.endorsed.dirs" value="C:\Program Files\Java\jdk1.6.0_02\jre\lib\endorsed" />
    <property name="os.arch" value="x86" />
    <property name="java.io.tmpdir" value="C:\DOCUME~1\ADMINI~1\LOCALS~1\Temp\" />
    <property name="line.separator" value="
" />
    <property name="java.vm.specification.vendor" value="Sun Microsystems Inc." />
    <property name="user.variant" value="" />
    <property name="os.name" value="Windows XP" />
    <property name="sun.jnu.encoding" value="GBK" />
    <property name="java.library.path" value="C:\Program Files\Java\jdk1.6.0_02\bin;.;C:\WINDOWS\Sun\Java\bin;C:\WINDOWS\system32;C:\WINDOWS;C:\Program Files\PC Connectivity Solution\;C:\Program Files\Borland\Delphi7\Bin;C:\Program Files\Borland\Delphi7\Projects\Bpl\;C:\WINDOWS\system32;C:\WINDOWS;C:\WINDOWS\System32\Wbem;C:\Program Files\Microsoft SQL Server\90\Tools\binn\;C:\Program Files\TortoiseSVN\bin;D:\Program Files\StormII\Codec;D:\Program Files\StormII" />
    <property name="java.specification.name" value="Java Platform API Specification" />
    <property name="java.class.version" value="50.0" />
    <property name="sun.management.compiler" value="HotSpot Client Compiler" />
    <property name="os.version" value="5.1" />
    <property name="user.home" value="C:\Documents and Settings\Administrator" />
    <property name="user.timezone" value="" />
    <property name="java.awt.printerjob" value="sun.awt.windows.WPrinterJob" />
    <property name="file.encoding" value="GBK" />
    <property name="java.specification.version" value="1.6" />
    <property name="user.name" value="Administrator" />
    <property name="java.class.path" value="E:\Program Files\NetBeans 6.5\java2\ant\patches\72080.jar;E:\Program Files\NetBeans 6.5\java2\ant\patches\ant-42275.jar;E:\Program Files\NetBeans 6.5\java2\ant\lib\ant.jar;E:\Program Files\NetBeans 6.5\java2\ant\lib\ant-junit.jar;D:\openSource\apache\mina-2.0.0-M4\dist\mina-core-2.0.0-M4.jar;E:\NetBeansProjects\JavaLibrary1\build\classes;E:\NetBeansProjects\JavaLibrary1\src;E:\Program Files\NetBeans 6.5\platform9\modules\ext\junit-4.5.jar;E:\NetBeansProjects\JavaLibrary1\build\test\classes;E:\NetBeansProjects\JavaLibrary1\test" />
    <property name="java.vm.specification.version" value="1.0" />
    <property name="sun.arch.data.model" value="32" />
    <property name="java.home" value="C:\Program Files\Java\jdk1.6.0_02\jre" />
    <property name="java.specification.vendor" value="Sun Microsystems Inc." />
    <property name="user.language" value="zh" />
    <property name="awt.toolkit" value="sun.awt.windows.WToolkit" />
    <property name="java.vm.info" value="mixed mode" />
    <property name="java.version" value="1.6.0_02" />
    <property name="java.ext.dirs" value="C:\Program Files\Java\jdk1.6.0_02\jre\lib\ext;C:\WINDOWS\Sun\Java\lib\ext" />
    <property name="sun.boot.class.path" value="C:\Program Files\Java\jdk1.6.0_02\jre\lib\resources.jar;C:\Program Files\Java\jdk1.6.0_02\jre\lib\rt.jar;C:\Program Files\Java\jdk1.6.0_02\jre\lib\sunrsasign.jar;C:\Program Files\Java\jdk1.6.0_02\jre\lib\jsse.jar;C:\Program Files\Java\jdk1.6.0_02\jre\lib\jce.jar;C:\Program Files\Java\jdk1.6.0_02\jre\lib\charsets.jar;C:\Program Files\Java\jdk1.6.0_02\jre\classes" />
    <property name="java.vendor" value="Sun Microsystems Inc." />
    <property name="file.separator" value="\" />
    <property name="java.vendor.url.bug" value="http://java.sun.com/cgi-bin/bugreport.cgi" />
    <property name="sun.cpu.endian" value="little" />
    <property name="sun.io.unicode.encoding" value="UnicodeLittle" />
    <property name="sun.desktop" value="windows" />
    <property name="sun.cpu.isalist" value="pentium_pro+mmx pentium_pro pentium+mmx pentium i486 i386 i86" />
  </properties>
  <testcase classname="com.modbus.util.modbusToolTest" name="testRunmodbus" time="0.063">
    <error message="expected:&lt;[12]&gt; but was:&lt;[寄存器0 = 12；
]&gt;" type="org.junit.ComparisonFailure">]&gt;
	at com.modbus.util.modbusToolTest.testRunmodbus(modbusToolTest.java:51)
</error>
  </testcase>
  <system-out><![CDATA[runmodbus
]]></system-out>
  <system-err><![CDATA[]]></system-err>
</testsuite>
